[02-Aug-2016 01:25:46 UTC] PHP Warning:  require_once(../EasyMVC/models/index.php): failed to open stream: No such file or directory in /home/ubuntu/workspace/EasyMVC/core/Controller.php on line 5
[02-Aug-2016 01:25:46 UTC] PHP Stack trace:
[02-Aug-2016 01:25:46 UTC] PHP   1. {main}() /home/ubuntu/workspace/EasyMVC/index.php:0
[02-Aug-2016 01:25:46 UTC] PHP   2. App->__construct() /home/ubuntu/workspace/EasyMVC/index.php:6
[02-Aug-2016 01:25:46 UTC] PHP   3. call_user_func_array:{/home/ubuntu/workspace/EasyMVC/core/App.php:18}() /home/ubuntu/workspace/EasyMVC/core/App.php:18
[02-Aug-2016 01:25:46 UTC] PHP   4. HomeController->index() /home/ubuntu/workspace/EasyMVC/core/App.php:18
[02-Aug-2016 01:25:46 UTC] PHP   5. Controller->model() /home/ubuntu/workspace/EasyMVC/controllers/HomeController.php:7
[02-Aug-2016 01:25:46 UTC] PHP Fatal error:  require_once(): Failed opening required '../EasyMVC/models/index.php' (include_path='.:/usr/share/php:/usr/share/pear') in /home/ubuntu/workspace/EasyMVC/core/Controller.php on line 5
[02-Aug-2016 01:25:46 UTC] PHP Stack trace:
[02-Aug-2016 01:25:46 UTC] PHP   1. {main}() /home/ubuntu/workspace/EasyMVC/index.php:0
[02-Aug-2016 01:25:46 UTC] PHP   2. App->__construct() /home/ubuntu/workspace/EasyMVC/index.php:6
[02-Aug-2016 01:25:46 UTC] PHP   3. call_user_func_array:{/home/ubuntu/workspace/EasyMVC/core/App.php:18}() /home/ubuntu/workspace/EasyMVC/core/App.php:18
[02-Aug-2016 01:25:46 UTC] PHP   4. HomeController->index() /home/ubuntu/workspace/EasyMVC/core/App.php:18
[02-Aug-2016 01:25:46 UTC] PHP   5. Controller->model() /home/ubuntu/workspace/EasyMVC/controllers/HomeController.php:7
[02-Aug-2016 07:09:06 UTC] PHP Parse error:  syntax error, unexpected end of file in /home/ubuntu/workspace/EasyMVC/views/manage.php on line 115
[02-Aug-2016 07:09:06 UTC] PHP Stack trace:
[02-Aug-2016 07:09:06 UTC] PHP   1. {main}() /home/ubuntu/workspace/EasyMVC/index.php:0
[02-Aug-2016 07:09:06 UTC] PHP   2. App->__construct() /home/ubuntu/workspace/EasyMVC/index.php:8
[02-Aug-2016 07:09:06 UTC] PHP   3. call_user_func_array:{/home/ubuntu/workspace/EasyMVC/core/App.php:18}() /home/ubuntu/workspace/EasyMVC/core/App.php:18
[02-Aug-2016 07:09:06 UTC] PHP   4. HomeController->manage() /home/ubuntu/workspace/EasyMVC/core/App.php:18
[02-Aug-2016 07:09:06 UTC] PHP   5. Controller->view() /home/ubuntu/workspace/EasyMVC/controllers/HomeController.php:6
[02-Aug-2016 07:11:19 UTC] PHP Fatal error:  Call to a member function query() on a non-object in /home/ubuntu/workspace/EasyMVC/models/activity_manage.php on line 24
[02-Aug-2016 07:11:19 UTC] PHP Stack trace:
[02-Aug-2016 07:11:19 UTC] PHP   1. {main}() /home/ubuntu/workspace/EasyMVC/index.php:0
[02-Aug-2016 07:11:19 UTC] PHP   2. App->__construct() /home/ubuntu/workspace/EasyMVC/index.php:8
[02-Aug-2016 07:11:19 UTC] PHP   3. call_user_func_array:{/home/ubuntu/workspace/EasyMVC/core/App.php:18}() /home/ubuntu/workspace/EasyMVC/core/App.php:18
[02-Aug-2016 07:11:19 UTC] PHP   4. HomeController->manage() /home/ubuntu/workspace/EasyMVC/core/App.php:18
[02-Aug-2016 07:11:19 UTC] PHP   5. activity_manage->show_activity() /home/ubuntu/workspace/EasyMVC/controllers/HomeController.php:9
[02-Aug-2016 07:12:05 UTC] PHP Fatal error:  Uncaught exception 'PDOException' with message 'SQLSTATE[42S02]: Base table or view not found: 1146 Table 'activity_system.add_ativity' doesn't exist' in /home/ubuntu/workspace/EasyMVC/models/activity_manage.php:24
Stack trace:
#0 /home/ubuntu/workspace/EasyMVC/models/activity_manage.php(24): PDO->query('SELECT * FROM `...')
#1 /home/ubuntu/workspace/EasyMVC/controllers/HomeController.php(9): activity_manage->show_activity()
#2 [internal function]: HomeController->manage()
#3 /home/ubuntu/workspace/EasyMVC/core/App.php(18): call_user_func_array(Array, Array)
#4 /home/ubuntu/workspace/EasyMVC/index.php(8): App->__construct()
#5 {main}
  thrown in /home/ubuntu/workspace/EasyMVC/models/activity_manage.php on line 24
[02-Aug-2016 07:12:22 UTC] PHP Fatal error:  Uncaught exception 'PDOException' with message 'SQLSTATE[42S02]: Base table or view not found: 1146 Table 'activity_system.add_ativity' doesn't exist' in /home/ubuntu/workspace/EasyMVC/models/activity_manage.php:24
Stack trace:
#0 /home/ubuntu/workspace/EasyMVC/models/activity_manage.php(24): PDO->query('SELECT * FROM `...')
#1 /home/ubuntu/workspace/EasyMVC/controllers/HomeController.php(9): activity_manage->show_activity()
#2 [internal function]: HomeController->manage()
#3 /home/ubuntu/workspace/EasyMVC/core/App.php(18): call_user_func_array(Array, Array)
#4 /home/ubuntu/workspace/EasyMVC/index.php(8): App->__construct()
#5 {main}
  thrown in /home/ubuntu/workspace/EasyMVC/models/activity_manage.php on line 24
[02-Aug-2016 07:25:57 UTC] PHP Warning:  Invalid argument supplied for foreach() in /home/ubuntu/workspace/EasyMVC/views/manage.php on line 88
[02-Aug-2016 07:25:57 UTC] PHP Stack trace:
[02-Aug-2016 07:25:57 UTC] PHP   1. {main}() /home/ubuntu/workspace/EasyMVC/index.php:0
[02-Aug-2016 07:25:57 UTC] PHP   2. App->__construct() /home/ubuntu/workspace/EasyMVC/index.php:8
[02-Aug-2016 07:25:57 UTC] PHP   3. call_user_func_array:{/home/ubuntu/workspace/EasyMVC/core/App.php:18}() /home/ubuntu/workspace/EasyMVC/core/App.php:18
[02-Aug-2016 07:25:57 UTC] PHP   4. HomeController->manage() /home/ubuntu/workspace/EasyMVC/core/App.php:18
[02-Aug-2016 07:25:57 UTC] PHP   5. Controller->view() /home/ubuntu/workspace/EasyMVC/controllers/HomeController.php:6
[02-Aug-2016 07:25:57 UTC] PHP   6. require_once() /home/ubuntu/workspace/EasyMVC/core/Controller.php:10
[02-Aug-2016 07:27:47 UTC] PHP Warning:  Invalid argument supplied for foreach() in /home/ubuntu/workspace/EasyMVC/views/manage.php on line 88
[02-Aug-2016 07:27:47 UTC] PHP Stack trace:
[02-Aug-2016 07:27:47 UTC] PHP   1. {main}() /home/ubuntu/workspace/EasyMVC/index.php:0
[02-Aug-2016 07:27:47 UTC] PHP   2. App->__construct() /home/ubuntu/workspace/EasyMVC/index.php:8
[02-Aug-2016 07:27:47 UTC] PHP   3. call_user_func_array:{/home/ubuntu/workspace/EasyMVC/core/App.php:18}() /home/ubuntu/workspace/EasyMVC/core/App.php:18
[02-Aug-2016 07:27:47 UTC] PHP   4. HomeController->manage() /home/ubuntu/workspace/EasyMVC/core/App.php:18
[02-Aug-2016 07:27:47 UTC] PHP   5. Controller->view() /home/ubuntu/workspace/EasyMVC/controllers/HomeController.php:9
[02-Aug-2016 07:27:47 UTC] PHP   6. require_once() /home/ubuntu/workspace/EasyMVC/core/Controller.php:10
[02-Aug-2016 08:13:08 UTC] PHP Fatal error:  Call to a member function show_activity() on a non-object in /home/ubuntu/workspace/EasyMVC/controllers/HomeController.php on line 9
[02-Aug-2016 08:13:08 UTC] PHP Stack trace:
[02-Aug-2016 08:13:08 UTC] PHP   1. {main}() /home/ubuntu/workspace/EasyMVC/index.php:0
[02-Aug-2016 08:13:08 UTC] PHP   2. App->__construct() /home/ubuntu/workspace/EasyMVC/index.php:8
[02-Aug-2016 08:13:08 UTC] PHP   3. call_user_func_array:{/home/ubuntu/workspace/EasyMVC/core/App.php:18}() /home/ubuntu/workspace/EasyMVC/core/App.php:18
[02-Aug-2016 08:13:08 UTC] PHP   4. HomeController->manage() /home/ubuntu/workspace/EasyMVC/core/App.php:18
[02-Aug-2016 08:25:57 UTC] PHP Warning:  Invalid argument supplied for foreach() in /home/ubuntu/workspace/EasyMVC/views/addActivity.php on line 84
[02-Aug-2016 08:25:57 UTC] PHP Stack trace:
[02-Aug-2016 08:25:57 UTC] PHP   1. {main}() /home/ubuntu/workspace/EasyMVC/index.php:0
[02-Aug-2016 08:25:57 UTC] PHP   2. App->__construct() /home/ubuntu/workspace/EasyMVC/index.php:8
[02-Aug-2016 08:25:57 UTC] PHP   3. call_user_func_array:{/home/ubuntu/workspace/EasyMVC/core/App.php:18}() /home/ubuntu/workspace/EasyMVC/core/App.php:18
[02-Aug-2016 08:25:57 UTC] PHP   4. HomeController->addActivity() /home/ubuntu/workspace/EasyMVC/core/App.php:18
[02-Aug-2016 08:25:57 UTC] PHP   5. Controller->view() /home/ubuntu/workspace/EasyMVC/controllers/HomeController.php:16
[02-Aug-2016 08:25:57 UTC] PHP   6. require_once() /home/ubuntu/workspace/EasyMVC/core/Controller.php:10
[02-Aug-2016 08:26:49 UTC] PHP Warning:  Invalid argument supplied for foreach() in /home/ubuntu/workspace/EasyMVC/views/addActivity.php on line 78
[02-Aug-2016 08:26:49 UTC] PHP Stack trace:
[02-Aug-2016 08:26:49 UTC] PHP   1. {main}() /home/ubuntu/workspace/EasyMVC/index.php:0
[02-Aug-2016 08:26:49 UTC] PHP   2. App->__construct() /home/ubuntu/workspace/EasyMVC/index.php:8
[02-Aug-2016 08:26:49 UTC] PHP   3. call_user_func_array:{/home/ubuntu/workspace/EasyMVC/core/App.php:18}() /home/ubuntu/workspace/EasyMVC/core/App.php:18
[02-Aug-2016 08:26:49 UTC] PHP   4. HomeController->addActivity() /home/ubuntu/workspace/EasyMVC/core/App.php:18
[02-Aug-2016 08:26:49 UTC] PHP   5. Controller->view() /home/ubuntu/workspace/EasyMVC/controllers/HomeController.php:16
[02-Aug-2016 08:26:49 UTC] PHP   6. require_once() /home/ubuntu/workspace/EasyMVC/core/Controller.php:10
[02-Aug-2016 08:27:12 UTC] PHP Warning:  Invalid argument supplied for foreach() in /home/ubuntu/workspace/EasyMVC/views/addActivity.php on line 73
[02-Aug-2016 08:27:12 UTC] PHP Stack trace:
[02-Aug-2016 08:27:12 UTC] PHP   1. {main}() /home/ubuntu/workspace/EasyMVC/index.php:0
[02-Aug-2016 08:27:12 UTC] PHP   2. App->__construct() /home/ubuntu/workspace/EasyMVC/index.php:8
[02-Aug-2016 08:27:12 UTC] PHP   3. call_user_func_array:{/home/ubuntu/workspace/EasyMVC/core/App.php:18}() /home/ubuntu/workspace/EasyMVC/core/App.php:18
[02-Aug-2016 08:27:12 UTC] PHP   4. HomeController->addActivity() /home/ubuntu/workspace/EasyMVC/core/App.php:18
[02-Aug-2016 08:27:12 UTC] PHP   5. Controller->view() /home/ubuntu/workspace/EasyMVC/controllers/HomeController.php:16
[02-Aug-2016 08:27:12 UTC] PHP   6. require_once() /home/ubuntu/workspace/EasyMVC/core/Controller.php:10
